<?xml version="1.0" encoding="UTF-8"?>
<coverage generated="1624577533044" clover="3.2.0">
  <project timestamp="1624577533044" name="All files">
    <metrics statements="47" coveredstatements="38" conditionals="24" coveredconditionals="17" methods="16" coveredmethods="13" elements="87" coveredelements="68" complexity="0" loc="47" ncloc="47" packages="1" files="1" classes="1"/>
    <file name="BowlingGame.js" path="/Users/timanderson/work/rpt26-mini-apps-2/challenge_3/client/BowlingGame.js">
      <metrics statements="47" coveredstatements="38" conditionals="24" coveredconditionals="17" methods="16" coveredmethods="13"/>
      <line num="3" count="3" type="stmt"/>
      <line num="4" count="3" type="stmt"/>
      <line num="8" count="51" type="stmt"/>
      <line num="12" count="0" type="stmt"/>
      <line num="13" count="0" type="stmt"/>
      <line num="17" count="0" type="stmt"/>
      <line num="19" count="0" type="stmt"/>
      <line num="20" count="0" type="stmt"/>
      <line num="21" count="0" type="cond" truecount="0" falsecount="4"/>
      <line num="22" count="0" type="stmt"/>
      <line num="25" count="0" type="stmt"/>
      <line num="29" count="3" type="stmt"/>
      <line num="30" count="3" type="stmt"/>
      <line num="31" count="3" type="stmt"/>
      <line num="33" count="97" type="stmt"/>
      <line num="34" count="93" type="stmt"/>
      <line num="35" count="15" type="stmt"/>
      <line num="37" count="39" type="stmt"/>
      <line num="38" count="3" type="stmt"/>
      <line num="39" count="11" type="stmt"/>
      <line num="40" count="30" type="stmt"/>
      <line num="41" count="21" type="stmt"/>
      <line num="43" count="3" type="stmt"/>
      <line num="44" count="30" type="cond" truecount="2" falsecount="0"/>
      <line num="45" count="27" type="stmt"/>
      <line num="52" count="3" type="cond" truecount="2" falsecount="0"/>
      <line num="53" count="3" type="cond" truecount="3" falsecount="1"/>
      <line num="55" count="3" type="cond" truecount="2" falsecount="0"/>
      <line num="56" count="1" type="stmt"/>
      <line num="57" count="2" type="cond" truecount="3" falsecount="1"/>
      <line num="58" count="0" type="stmt"/>
      <line num="60" count="2" type="stmt"/>
      <line num="63" count="3" type="stmt"/>
      <line num="73" count="3" type="stmt"/>
      <line num="74" count="30" type="cond" truecount="2" falsecount="0"/>
      <line num="75" count="11" type="stmt"/>
      <line num="76" count="11" type="stmt"/>
      <line num="77" count="11" type="stmt"/>
      <line num="78" count="19" type="cond" truecount="2" falsecount="0"/>
      <line num="79" count="1" type="stmt"/>
      <line num="80" count="1" type="stmt"/>
      <line num="81" count="1" type="stmt"/>
      <line num="83" count="18" type="stmt"/>
      <line num="84" count="18" type="cond" truecount="1" falsecount="1"/>
      <line num="85" count="18" type="stmt"/>
      <line num="86" count="18" type="stmt"/>
      <line num="90" count="3" type="stmt"/>
    </file>
  </project>
</coverage>
