{"/Users/timanderson/work/rpt26-mini-apps-2/challenge_3/client/BowlingGame.js": {"path":"/Users/timanderson/work/rpt26-mini-apps-2/challenge_3/client/BowlingGame.js","statementMap":{"0":{"start":{"line":3,"column":4},"end":{"line":3,"column":20}},"1":{"start":{"line":4,"column":4},"end":{"line":4,"column":25}},"2":{"start":{"line":8,"column":4},"end":{"line":8,"column":41}},"3":{"start":{"line":12,"column":4},"end":{"line":12,"column":20}},"4":{"start":{"line":13,"column":4},"end":{"line":13,"column":25}},"5":{"start":{"line":17,"column":22},"end":{"line":17,"column":34}},"6":{"start":{"line":19,"column":20},"end":{"line":19,"column":22}},"7":{"start":{"line":20,"column":4},"end":{"line":24,"column":7}},"8":{"start":{"line":21,"column":6},"end":{"line":23,"column":7}},"9":{"start":{"line":22,"column":8},"end":{"line":22,"column":35}},"10":{"start":{"line":25,"column":4},"end":{"line":25,"column":20}},"11":{"start":{"line":29,"column":20},"end":{"line":29,"column":22}},"12":{"start":{"line":30,"column":16},"end":{"line":30,"column":17}},"13":{"start":{"line":31,"column":21},"end":{"line":31,"column":22}},"14":{"start":{"line":33,"column":18},"end":{"line":33,"column":46}},"15":{"start":{"line":33,"column":24},"end":{"line":33,"column":46}},"16":{"start":{"line":34,"column":18},"end":{"line":34,"column":50}},"17":{"start":{"line":34,"column":24},"end":{"line":34,"column":50}},"18":{"start":{"line":35,"column":18},"end":{"line":35,"column":50}},"19":{"start":{"line":35,"column":24},"end":{"line":35,"column":50}},"20":{"start":{"line":37,"column":23},"end":{"line":37,"column":46}},"21":{"start":{"line":37,"column":29},"end":{"line":37,"column":46}},"22":{"start":{"line":38,"column":23},"end":{"line":38,"column":36}},"23":{"start":{"line":38,"column":29},"end":{"line":38,"column":36}},"24":{"start":{"line":39,"column":24},"end":{"line":39,"column":47}},"25":{"start":{"line":39,"column":30},"end":{"line":39,"column":47}},"26":{"start":{"line":40,"column":21},"end":{"line":40,"column":41}},"27":{"start":{"line":40,"column":27},"end":{"line":40,"column":41}},"28":{"start":{"line":41,"column":20},"end":{"line":41,"column":45}},"29":{"start":{"line":41,"column":26},"end":{"line":41,"column":45}},"30":{"start":{"line":43,"column":22},"end":{"line":71,"column":5}},"31":{"start":{"line":44,"column":6},"end":{"line":70,"column":7}},"32":{"start":{"line":45,"column":8},"end":{"line":50,"column":10}},"33":{"start":{"line":52,"column":21},"end":{"line":52,"column":51}},"34":{"start":{"line":53,"column":21},"end":{"line":53,"column":69}},"35":{"start":{"line":55,"column":8},"end":{"line":61,"column":9}},"36":{"start":{"line":56,"column":10},"end":{"line":56,"column":21}},"37":{"start":{"line":57,"column":15},"end":{"line":61,"column":9}},"38":{"start":{"line":58,"column":10},"end":{"line":58,"column":25}},"39":{"start":{"line":60,"column":10},"end":{"line":60,"column":20}},"40":{"start":{"line":63,"column":8},"end":{"line":69,"column":11}},"41":{"start":{"line":73,"column":4},"end":{"line":88,"column":6}},"42":{"start":{"line":74,"column":6},"end":{"line":87,"column":7}},"43":{"start":{"line":75,"column":8},"end":{"line":75,"column":36}},"44":{"start":{"line":76,"column":8},"end":{"line":76,"column":49}},"45":{"start":{"line":77,"column":8},"end":{"line":77,"column":24}},"46":{"start":{"line":78,"column":13},"end":{"line":87,"column":7}},"47":{"start":{"line":79,"column":8},"end":{"line":79,"column":35}},"48":{"start":{"line":80,"column":8},"end":{"line":80,"column":54}},"49":{"start":{"line":81,"column":8},"end":{"line":81,"column":24}},"50":{"start":{"line":83,"column":8},"end":{"line":83,"column":30}},"51":{"start":{"line":84,"column":26},"end":{"line":84,"column":67}},"52":{"start":{"line":85,"column":8},"end":{"line":85,"column":65}},"53":{"start":{"line":86,"column":8},"end":{"line":86,"column":24}},"54":{"start":{"line":90,"column":4},"end":{"line":90,"column":21}}},"fnMap":{"0":{"name":"(anonymous_0)","decl":{"start":{"line":2,"column":2},"end":{"line":2,"column":3}},"loc":{"start":{"line":2,"column":18},"end":{"line":5,"column":3}},"line":2},"1":{"name":"(anonymous_1)","decl":{"start":{"line":7,"column":2},"end":{"line":7,"column":3}},"loc":{"start":{"line":7,"column":14},"end":{"line":9,"column":3}},"line":7},"2":{"name":"(anonymous_2)","decl":{"start":{"line":11,"column":2},"end":{"line":11,"column":3}},"loc":{"start":{"line":11,"column":11},"end":{"line":14,"column":3}},"line":11},"3":{"name":"(anonymous_3)","decl":{"start":{"line":16,"column":2},"end":{"line":16,"column":3}},"loc":{"start":{"line":16,"column":15},"end":{"line":26,"column":3}},"line":16},"4":{"name":"(anonymous_4)","decl":{"start":{"line":20,"column":22},"end":{"line":20,"column":23}},"loc":{"start":{"line":20,"column":31},"end":{"line":24,"column":5}},"line":20},"5":{"name":"(anonymous_5)","decl":{"start":{"line":28,"column":2},"end":{"line":28,"column":3}},"loc":{"start":{"line":28,"column":11},"end":{"line":91,"column":3}},"line":28},"6":{"name":"(anonymous_6)","decl":{"start":{"line":33,"column":18},"end":{"line":33,"column":19}},"loc":{"start":{"line":33,"column":24},"end":{"line":33,"column":46}},"line":33},"7":{"name":"(anonymous_7)","decl":{"start":{"line":34,"column":18},"end":{"line":34,"column":19}},"loc":{"start":{"line":34,"column":24},"end":{"line":34,"column":50}},"line":34},"8":{"name":"(anonymous_8)","decl":{"start":{"line":35,"column":18},"end":{"line":35,"column":19}},"loc":{"start":{"line":35,"column":24},"end":{"line":35,"column":50}},"line":35},"9":{"name":"(anonymous_9)","decl":{"start":{"line":37,"column":23},"end":{"line":37,"column":24}},"loc":{"start":{"line":37,"column":29},"end":{"line":37,"column":46}},"line":37},"10":{"name":"(anonymous_10)","decl":{"start":{"line":38,"column":23},"end":{"line":38,"column":24}},"loc":{"start":{"line":38,"column":29},"end":{"line":38,"column":36}},"line":38},"11":{"name":"(anonymous_11)","decl":{"start":{"line":39,"column":24},"end":{"line":39,"column":25}},"loc":{"start":{"line":39,"column":30},"end":{"line":39,"column":47}},"line":39},"12":{"name":"(anonymous_12)","decl":{"start":{"line":40,"column":21},"end":{"line":40,"column":22}},"loc":{"start":{"line":40,"column":27},"end":{"line":40,"column":41}},"line":40},"13":{"name":"(anonymous_13)","decl":{"start":{"line":41,"column":20},"end":{"line":41,"column":21}},"loc":{"start":{"line":41,"column":26},"end":{"line":41,"column":45}},"line":41},"14":{"name":"(anonymous_14)","decl":{"start":{"line":43,"column":22},"end":{"line":43,"column":23}},"loc":{"start":{"line":43,"column":74},"end":{"line":71,"column":5}},"line":43},"15":{"name":"(anonymous_15)","decl":{"start":{"line":73,"column":27},"end":{"line":73,"column":28}},"loc":{"start":{"line":73,"column":43},"end":{"line":88,"column":5}},"line":73}},"branchMap":{"0":{"loc":{"start":{"line":21,"column":6},"end":{"line":23,"column":7}},"type":"if","locations":[{"start":{"line":21,"column":6},"end":{"line":23,"column":7}},{"start":{"line":21,"column":6},"end":{"line":23,"column":7}}],"line":21},"1":{"loc":{"start":{"line":21,"column":10},"end":{"line":21,"column":61}},"type":"binary-expr","locations":[{"start":{"line":21,"column":10},"end":{"line":21,"column":34}},{"start":{"line":21,"column":38},"end":{"line":21,"column":61}}],"line":21},"2":{"loc":{"start":{"line":44,"column":6},"end":{"line":70,"column":7}},"type":"if","locations":[{"start":{"line":44,"column":6},"end":{"line":70,"column":7}},{"start":{"line":44,"column":6},"end":{"line":70,"column":7}}],"line":44},"3":{"loc":{"start":{"line":52,"column":21},"end":{"line":52,"column":51}},"type":"cond-expr","locations":[{"start":{"line":52,"column":38},"end":{"line":52,"column":41}},{"start":{"line":52,"column":44},"end":{"line":52,"column":51}}],"line":52},"4":{"loc":{"start":{"line":53,"column":21},"end":{"line":53,"column":69}},"type":"cond-expr","locations":[{"start":{"line":53,"column":38},"end":{"line":53,"column":41}},{"start":{"line":53,"column":44},"end":{"line":53,"column":69}}],"line":53},"5":{"loc":{"start":{"line":53,"column":44},"end":{"line":53,"column":69}},"type":"cond-expr","locations":[{"start":{"line":53,"column":56},"end":{"line":53,"column":59}},{"start":{"line":53,"column":62},"end":{"line":53,"column":69}}],"line":53},"6":{"loc":{"start":{"line":55,"column":8},"end":{"line":61,"column":9}},"type":"if","locations":[{"start":{"line":55,"column":8},"end":{"line":61,"column":9}},{"start":{"line":55,"column":8},"end":{"line":61,"column":9}}],"line":55},"7":{"loc":{"start":{"line":57,"column":15},"end":{"line":61,"column":9}},"type":"if","locations":[{"start":{"line":57,"column":15},"end":{"line":61,"column":9}},{"start":{"line":57,"column":15},"end":{"line":61,"column":9}}],"line":57},"8":{"loc":{"start":{"line":57,"column":19},"end":{"line":57,"column":61}},"type":"binary-expr","locations":[{"start":{"line":57,"column":19},"end":{"line":57,"column":33}},{"start":{"line":57,"column":37},"end":{"line":57,"column":61}}],"line":57},"9":{"loc":{"start":{"line":74,"column":6},"end":{"line":87,"column":7}},"type":"if","locations":[{"start":{"line":74,"column":6},"end":{"line":87,"column":7}},{"start":{"line":74,"column":6},"end":{"line":87,"column":7}}],"line":74},"10":{"loc":{"start":{"line":78,"column":13},"end":{"line":87,"column":7}},"type":"if","locations":[{"start":{"line":78,"column":13},"end":{"line":87,"column":7}},{"start":{"line":78,"column":13},"end":{"line":87,"column":7}}],"line":78},"11":{"loc":{"start":{"line":84,"column":26},"end":{"line":84,"column":67}},"type":"cond-expr","locations":[{"start":{"line":84,"column":50},"end":{"line":84,"column":52}},{"start":{"line":84,"column":55},"end":{"line":84,"column":67}}],"line":84}},"s":{"0":3,"1":3,"2":51,"3":0,"4":0,"5":0,"6":0,"7":0,"8":0,"9":0,"10":0,"11":3,"12":3,"13":3,"14":3,"15":97,"16":3,"17":93,"18":3,"19":15,"20":3,"21":39,"22":3,"23":1,"24":3,"25":11,"26":3,"27":30,"28":3,"29":21,"30":3,"31":30,"32":27,"33":3,"34":3,"35":3,"36":1,"37":2,"38":0,"39":2,"40":3,"41":3,"42":30,"43":11,"44":11,"45":11,"46":19,"47":1,"48":1,"49":1,"50":18,"51":18,"52":18,"53":18,"54":3},"f":{"0":3,"1":51,"2":0,"3":0,"4":0,"5":3,"6":97,"7":93,"8":15,"9":39,"10":1,"11":11,"12":30,"13":21,"14":30,"15":30},"b":{"0":[0,0],"1":[0,0],"2":[27,3],"3":[1,2],"4":[1,2],"5":[0,2],"6":[1,2],"7":[0,2],"8":[2,2],"9":[11,19],"10":[1,18],"11":[18,0]},"_coverageSchema":"1a1c01bbd47fc00a2c39e90264f33305004495a9","hash":"2cff10a23002a9240abf55dd0fdec257a1eabcfb"}
}
