TN:
SF:client/BowlingGame.js
FN:2,(anonymous_0)
FN:7,(anonymous_1)
FN:11,(anonymous_2)
FN:16,(anonymous_3)
FN:20,(anonymous_4)
FN:28,(anonymous_5)
FN:33,(anonymous_6)
FN:34,(anonymous_7)
FN:35,(anonymous_8)
FN:37,(anonymous_9)
FN:38,(anonymous_10)
FN:39,(anonymous_11)
FN:40,(anonymous_12)
FN:41,(anonymous_13)
FN:43,(anonymous_14)
FN:73,(anonymous_15)
FNF:16
FNH:13
FNDA:3,(anonymous_0)
FNDA:51,(anonymous_1)
FNDA:0,(anonymous_2)
FNDA:0,(anonymous_3)
FNDA:0,(anonymous_4)
FNDA:3,(anonymous_5)
FNDA:97,(anonymous_6)
FNDA:93,(anonymous_7)
FNDA:15,(anonymous_8)
FNDA:39,(anonymous_9)
FNDA:1,(anonymous_10)
FNDA:11,(anonymous_11)
FNDA:30,(anonymous_12)
FNDA:21,(anonymous_13)
FNDA:30,(anonymous_14)
FNDA:30,(anonymous_15)
DA:3,3
DA:4,3
DA:8,51
DA:12,0
DA:13,0
DA:17,0
DA:19,0
DA:20,0
DA:21,0
DA:22,0
DA:25,0
DA:29,3
DA:30,3
DA:31,3
DA:33,97
DA:34,93
DA:35,15
DA:37,39
DA:38,3
DA:39,11
DA:40,30
DA:41,21
DA:43,3
DA:44,30
DA:45,27
DA:52,3
DA:53,3
DA:55,3
DA:56,1
DA:57,2
DA:58,0
DA:60,2
DA:63,3
DA:73,3
DA:74,30
DA:75,11
DA:76,11
DA:77,11
DA:78,19
DA:79,1
DA:80,1
DA:81,1
DA:83,18
DA:84,18
DA:85,18
DA:86,18
DA:90,3
LF:47
LH:38
BRDA:21,0,0,0
BRDA:21,0,1,0
BRDA:21,1,0,0
BRDA:21,1,1,0
BRDA:44,2,0,27
BRDA:44,2,1,3
BRDA:52,3,0,1
BRDA:52,3,1,2
BRDA:53,4,0,1
BRDA:53,4,1,2
BRDA:53,5,0,0
BRDA:53,5,1,2
BRDA:55,6,0,1
BRDA:55,6,1,2
BRDA:57,7,0,0
BRDA:57,7,1,2
BRDA:57,8,0,2
BRDA:57,8,1,2
BRDA:74,9,0,11
BRDA:74,9,1,19
BRDA:78,10,0,1
BRDA:78,10,1,18
BRDA:84,11,0,18
BRDA:84,11,1,0
BRF:24
BRH:17
end_of_record
